<?xml version="1.0" encoding="UTF-8"?>
<!-- Generated by org.testng.reporters.JUnitXMLReporter -->
<testsuite hostname="DESKTOP-H71TBD9" ignored="0" tests="1" failures="0" timestamp="2022-06-01T13:40:04 IDT" time="0.056" errors="0">
  <testcase name="@BeforeMethod setUp" time="-1.654080004304E9" classname="base.BaseTest">
    <failure type="org.testng.TestNGException" message="
Parameter &amp;apos;browserName&amp;apos; is required by BeforeMethod on method setUp but has not been marked @Optional or defined
">
      <![CDATA[org.testng.TestNGException: 
Parameter 'browserName' is required by BeforeMethod on method setUp but has not been marked @Optional or defined

at java.util.ArrayList.forEach(ArrayList.java:1259)
... Removed 37 stack frames]]>
    </failure>
  </testcase> <!-- @BeforeMethod setUp -->
  <testcase name="login_test" time="0.0" classname="LoginTest">
    <skipped/>
  </testcase> <!-- login_test -->
</testsuite>
